TN:
SF:src/main/resources/BaseResource.js
FN:37,(anonymous_0)
FN:49,(anonymous_1)
FN:57,(anonymous_2)
FN:65,(anonymous_3)
FN:80,(anonymous_4)
FN:89,(anonymous_5)
FN:97,(anonymous_6)
FN:106,(anonymous_7)
FN:117,(anonymous_8)
FN:128,(anonymous_9)
FNF:10
FNH:10
FNDA:111,(anonymous_0)
FNDA:3,(anonymous_1)
FNDA:1,(anonymous_2)
FNDA:15,(anonymous_3)
FNDA:1,(anonymous_4)
FNDA:1,(anonymous_5)
FNDA:2,(anonymous_6)
FNDA:4,(anonymous_7)
FNDA:1,(anonymous_8)
FNDA:2,(anonymous_9)
DA:6,6
DA:10,6
DA:13,6
DA:16,6
DA:19,6
DA:22,6
DA:25,6
DA:28,6
DA:31,6
DA:38,111
DA:39,111
DA:40,111
DA:41,111
DA:42,111
DA:50,3
DA:58,1
DA:66,15
DA:81,1
DA:90,1
DA:98,2
DA:99,2
DA:107,4
DA:118,1
DA:129,2
DA:141,6
LF:25
LH:25
BRDA:37,0,0,9
BRDA:38,1,0,111
BRDA:38,1,1,87
BRDA:40,2,0,111
BRDA:40,2,1,102
BRDA:41,3,0,111
BRDA:41,3,1,102
BRDA:42,4,0,111
BRDA:42,4,1,107
BRF:9
BRH:9
end_of_record
TN:
SF:src/main/resources/FileResource.js
FN:76,(anonymous_0)
FN:90,(anonymous_1)
FN:104,(anonymous_2)
FN:108,(anonymous_3)
FN:112,(anonymous_4)
FN:116,(anonymous_5)
FN:129,(anonymous_6)
FN:133,(anonymous_7)
FN:148,(anonymous_8)
FN:165,(anonymous_9)
FN:178,(anonymous_10)
FN:188,(anonymous_11)
FN:200,(anonymous_12)
FN:233,(anonymous_13)
FN:254,(anonymous_14)
FN:263,(anonymous_15)
FNF:16
FNH:15
FNDA:40,(anonymous_0)
FNDA:37,(anonymous_1)
FNDA:13,(anonymous_2)
FNDA:4,(anonymous_3)
FNDA:1,(anonymous_4)
FNDA:5,(anonymous_5)
FNDA:3,(anonymous_6)
FNDA:4,(anonymous_7)
FNDA:3,(anonymous_8)
FNDA:1,(anonymous_9)
FNDA:4,(anonymous_10)
FNDA:1,(anonymous_11)
FNDA:5,(anonymous_12)
FNDA:3,(anonymous_13)
FNDA:0,(anonymous_14)
FNDA:2,(anonymous_15)
DA:6,2
DA:7,2
DA:8,2
DA:11,2
DA:64,2
DA:65,2
DA:66,2
DA:67,2
DA:68,2
DA:69,2
DA:70,2
DA:71,2
DA:74,2
DA:77,40
DA:78,40
DA:79,40
DA:80,40
DA:81,40
DA:83,40
DA:91,37
DA:92,37
DA:93,115
DA:94,33
DA:97,4
DA:105,13
DA:109,4
DA:113,1
DA:117,5
DA:130,3
DA:134,4
DA:135,1
DA:137,3
DA:138,0
DA:140,3
DA:149,3
DA:150,3
DA:151,3
DA:153,3
DA:166,1
DA:167,1
DA:168,7
DA:170,1
DA:179,4
DA:180,4
DA:181,16
DA:182,3
DA:185,1
DA:189,1
DA:190,1
DA:201,5
DA:203,5
DA:206,1
DA:211,1
DA:216,1
DA:221,1
DA:226,1
DA:234,3
DA:235,3
DA:255,0
DA:256,0
DA:264,2
DA:265,2
DA:266,1
DA:269,1
DA:270,1
DA:271,1
DA:273,0
DA:278,2
LF:68
LH:64
BRDA:76,0,0,2
BRDA:78,1,0,40
BRDA:78,1,1,28
BRDA:79,2,0,40
BRDA:79,2,1,23
BRDA:80,3,0,40
BRDA:80,3,1,3
BRDA:81,4,0,40
BRDA:81,4,1,31
BRDA:83,5,0,40
BRDA:83,5,1,38
BRDA:83,5,2,37
BRDA:93,6,0,33
BRDA:93,6,1,82
BRDA:105,7,0,13
BRDA:105,7,1,1
BRDA:134,8,0,1
BRDA:134,8,1,3
BRDA:137,9,0,0
BRDA:137,9,1,3
BRDA:181,10,0,3
BRDA:181,10,1,13
BRDA:203,11,0,1
BRDA:203,11,1,1
BRDA:203,11,2,1
BRDA:203,11,3,1
BRDA:203,11,4,1
BRDA:203,11,5,1
BRDA:247,12,0,1
BRDA:247,12,1,2
BRDA:265,13,0,1
BRDA:265,13,1,1
BRDA:265,14,0,2
BRDA:265,14,1,1
BRF:34
BRH:33
end_of_record
TN:
SF:src/main/resources/LinkResource.js
FN:17,(anonymous_0)
FN:25,(anonymous_1)
FN:34,(anonymous_2)
FN:38,(anonymous_3)
FN:42,(anonymous_4)
FN:52,(anonymous_5)
FN:56,(anonymous_6)
FN:72,(anonymous_7)
FN:86,(anonymous_8)
FN:94,(anonymous_9)
FN:101,(anonymous_10)
FN:117,(anonymous_11)
FN:126,(anonymous_12)
FNF:13
FNH:10
FNDA:17,(anonymous_0)
FNDA:18,(anonymous_1)
FNDA:1,(anonymous_2)
FNDA:1,(anonymous_3)
FNDA:2,(anonymous_4)
FNDA:3,(anonymous_5)
FNDA:6,(anonymous_6)
FNDA:4,(anonymous_7)
FNDA:0,(anonymous_8)
FNDA:1,(anonymous_9)
FNDA:0,(anonymous_10)
FNDA:0,(anonymous_11)
FNDA:2,(anonymous_12)
DA:5,2
DA:8,2
DA:9,2
DA:10,2
DA:11,2
DA:12,2
DA:13,2
DA:14,2
DA:15,2
DA:18,17
DA:19,17
DA:20,17
DA:21,17
DA:22,17
DA:26,18
DA:27,18
DA:28,11
DA:30,7
DA:35,1
DA:39,1
DA:43,2
DA:53,3
DA:57,6
DA:58,1
DA:60,5
DA:61,5
DA:63,1
DA:65,4
DA:73,4
DA:74,1
DA:75,1
DA:77,4
DA:78,2
DA:80,4
DA:81,1
DA:83,4
DA:87,0
DA:95,1
DA:102,0
DA:118,0
DA:119,0
DA:127,2
DA:128,2
DA:130,1
DA:135,2
LF:45
LH:41
BRDA:17,0,0,2
BRDA:19,1,0,17
BRDA:19,1,1,5
BRDA:20,2,0,17
BRDA:20,2,1,10
BRDA:20,2,2,3
BRDA:21,3,0,17
BRDA:21,3,1,14
BRDA:22,4,0,17
BRDA:22,4,1,17
BRDA:57,5,0,1
BRDA:57,5,1,5
BRDA:73,6,0,1
BRDA:73,6,1,3
BRDA:77,7,0,2
BRDA:77,7,1,2
BRDA:80,8,0,1
BRDA:80,8,1,3
BRF:18
BRH:18
end_of_record
TN:
SF:src/main/resources/NoteResource.js
FN:17,(anonymous_0)
FN:23,(anonymous_1)
FN:27,(anonymous_2)
FN:31,(anonymous_3)
FN:39,(anonymous_4)
FN:43,(anonymous_5)
FN:54,(anonymous_6)
FN:64,(anonymous_7)
FN:71,(anonymous_8)
FN:78,(anonymous_9)
FN:95,(anonymous_10)
FNF:11
FNH:10
FNDA:26,(anonymous_0)
FNDA:1,(anonymous_1)
FNDA:1,(anonymous_2)
FNDA:4,(anonymous_3)
FNDA:11,(anonymous_4)
FNDA:5,(anonymous_5)
FNDA:4,(anonymous_6)
FNDA:1,(anonymous_7)
FNDA:1,(anonymous_8)
FNDA:0,(anonymous_9)
FNDA:5,(anonymous_10)
DA:5,2
DA:8,2
DA:9,2
DA:10,2
DA:11,2
DA:12,2
DA:13,2
DA:14,2
DA:15,2
DA:18,26
DA:19,26
DA:20,26
DA:24,1
DA:28,1
DA:32,4
DA:40,11
DA:44,5
DA:45,3
DA:47,2
DA:55,4
DA:56,3
DA:58,4
DA:59,1
DA:61,4
DA:65,1
DA:72,1
DA:79,0
DA:96,5
DA:108,5
DA:109,2
DA:113,2
LF:31
LH:30
BRDA:17,0,0,2
BRDA:19,1,0,26
BRDA:19,1,1,13
BRDA:20,2,0,26
BRDA:20,2,1,13
BRDA:44,3,0,3
BRDA:44,3,1,2
BRDA:44,4,0,5
BRDA:44,4,1,3
BRDA:55,5,0,3
BRDA:55,5,1,1
BRDA:58,6,0,1
BRDA:58,6,1,3
BRDA:95,7,0,4
BRDA:108,8,0,3
BRDA:108,8,1,2
BRF:16
BRH:16
end_of_record
TN:
SF:src/main/resources/PDFResource.js
FN:22,(anonymous_0)
FN:29,(anonymous_1)
FN:33,(anonymous_2)
FN:37,(anonymous_3)
FN:46,(anonymous_4)
FN:50,(anonymous_5)
FN:65,(anonymous_6)
FN:76,(anonymous_7)
FN:84,(anonymous_8)
FN:91,(anonymous_9)
FN:105,(anonymous_10)
FN:114,(anonymous_11)
FNF:12
FNH:11
FNDA:13,(anonymous_0)
FNDA:2,(anonymous_1)
FNDA:1,(anonymous_2)
FNDA:3,(anonymous_3)
FNDA:2,(anonymous_4)
FNDA:3,(anonymous_5)
FNDA:2,(anonymous_6)
FNDA:1,(anonymous_7)
FNDA:1,(anonymous_8)
FNDA:1,(anonymous_9)
FNDA:0,(anonymous_10)
FNDA:1,(anonymous_11)
DA:5,2
DA:6,2
DA:7,2
DA:10,2
DA:11,2
DA:12,2
DA:13,2
DA:14,2
DA:15,2
DA:16,2
DA:17,2
DA:20,2
DA:23,13
DA:24,13
DA:25,13
DA:26,13
DA:30,2
DA:34,1
DA:38,3
DA:47,2
DA:51,3
DA:52,1
DA:54,2
DA:55,0
DA:57,2
DA:66,2
DA:67,2
DA:69,2
DA:77,1
DA:85,1
DA:92,1
DA:106,0
DA:107,0
DA:115,1
DA:116,1
DA:120,2
LF:36
LH:33
BRDA:22,0,0,1
BRDA:24,1,0,13
BRDA:24,1,1,3
BRDA:25,2,0,13
BRDA:25,2,1,5
BRDA:26,3,0,13
BRDA:26,3,1,5
BRDA:51,4,0,1
BRDA:51,4,1,2
BRDA:54,5,0,0
BRDA:54,5,1,2
BRF:11
BRH:10
end_of_record
TN:
SF:src/main/resources/ResourceManager.js
FN:22,(anonymous_0)
FN:31,(anonymous_1)
FN:40,(anonymous_2)
FN:48,(anonymous_3)
FN:68,(anonymous_4)
FN:99,(anonymous_5)
FN:104,(anonymous_6)
FN:111,(anonymous_7)
FN:115,(anonymous_8)
FN:117,(anonymous_9)
FN:128,(anonymous_10)
FN:130,(anonymous_11)
FN:139,(anonymous_12)
FN:154,(anonymous_13)
FN:159,(anonymous_14)
FN:181,(anonymous_15)
FN:205,(anonymous_16)
FN:212,(anonymous_17)
FN:242,(anonymous_18)
FN:249,(anonymous_19)
FN:270,(anonymous_20)
FN:277,(anonymous_21)
FN:287,(anonymous_22)
FN:290,(anonymous_23)
FN:291,(anonymous_24)
FN:302,(anonymous_25)
FN:320,(anonymous_26)
FN:326,(anonymous_27)
FN:327,(anonymous_28)
FN:339,(anonymous_29)
FN:353,(anonymous_30)
FNF:31
FNH:28
FNDA:28,(anonymous_0)
FNDA:1,(anonymous_1)
FNDA:20,(anonymous_2)
FNDA:1,(anonymous_3)
FNDA:1,(anonymous_4)
FNDA:5,(anonymous_5)
FNDA:6,(anonymous_6)
FNDA:1,(anonymous_7)
FNDA:2,(anonymous_8)
FNDA:1,(anonymous_9)
FNDA:2,(anonymous_10)
FNDA:1,(anonymous_11)
FNDA:8,(anonymous_12)
FNDA:0,(anonymous_13)
FNDA:1,(anonymous_14)
FNDA:3,(anonymous_15)
FNDA:2,(anonymous_16)
FNDA:1,(anonymous_17)
FNDA:1,(anonymous_18)
FNDA:1,(anonymous_19)
FNDA:1,(anonymous_20)
FNDA:2,(anonymous_21)
FNDA:1,(anonymous_22)
FNDA:2,(anonymous_23)
FNDA:4,(anonymous_24)
FNDA:2,(anonymous_25)
FNDA:2,(anonymous_26)
FNDA:5,(anonymous_27)
FNDA:5,(anonymous_28)
FNDA:0,(anonymous_29)
FNDA:0,(anonymous_30)
DA:5,1
DA:6,1
DA:7,1
DA:8,1
DA:11,1
DA:23,28
DA:24,28
DA:32,1
DA:41,20
DA:49,1
DA:50,1
DA:51,5
DA:61,1
DA:70,1
DA:80,1
DA:81,7
DA:89,1
DA:100,5
DA:101,5
DA:103,4
DA:104,6
DA:112,1
DA:113,1
DA:114,5
DA:115,5
DA:117,1
DA:118,1
DA:129,2
DA:130,2
DA:140,8
DA:141,8
DA:142,1
DA:146,7
DA:147,7
DA:148,1
DA:152,6
DA:153,6
DA:154,3
DA:155,3
DA:156,0
DA:158,3
DA:159,2
DA:160,2
DA:161,1
DA:166,5
DA:169,5
DA:170,5
DA:172,5
DA:182,3
DA:183,3
DA:186,3
DA:187,1
DA:191,2
DA:192,2
DA:193,1
DA:195,2
DA:206,2
DA:207,2
DA:208,0
DA:211,2
DA:212,2
DA:214,2
DA:215,1
DA:219,1
DA:220,1
DA:221,1
DA:224,0
DA:225,0
DA:229,1
DA:230,1
DA:232,1
DA:243,1
DA:244,1
DA:245,0
DA:248,1
DA:249,1
DA:251,1
DA:252,0
DA:255,1
DA:256,1
DA:258,1
DA:259,1
DA:261,1
DA:271,1
DA:272,1
DA:273,0
DA:276,1
DA:277,2
DA:278,1
DA:280,1
DA:288,1
DA:289,5
DA:290,5
DA:291,4
DA:293,5
DA:303,2
DA:304,1
DA:307,1
DA:308,1
DA:309,5
DA:311,1
DA:321,2
DA:322,2
DA:324,2
DA:325,10
DA:326,10
DA:327,5
DA:331,2
DA:340,0
DA:341,0
DA:342,0
DA:344,0
DA:354,0
DA:355,0
DA:356,0
DA:359,0
DA:360,0
DA:363,0
DA:367,1
LF:119
LH:102
BRDA:41,0,0,20
BRDA:41,0,1,3
BRDA:101,1,0,1
BRDA:101,1,1,4
BRDA:103,2,0,4
BRDA:103,2,1,0
BRDA:114,3,0,5
BRDA:114,3,1,1
BRDA:130,4,0,2
BRDA:130,4,1,1
BRDA:141,5,0,1
BRDA:141,5,1,7
BRDA:147,6,0,1
BRDA:147,6,1,6
BRDA:152,7,0,6
BRDA:152,7,1,0
BRDA:153,8,0,3
BRDA:153,8,1,3
BRDA:153,9,0,6
BRDA:153,9,1,3
BRDA:155,10,0,0
BRDA:155,10,1,3
BRDA:158,11,0,2
BRDA:158,11,1,1
BRDA:158,12,0,3
BRDA:158,12,1,2
BRDA:160,13,0,1
BRDA:160,13,1,1
BRDA:181,14,0,2
BRDA:186,15,0,1
BRDA:186,15,1,2
BRDA:192,16,0,1
BRDA:192,16,1,1
BRDA:207,17,0,0
BRDA:207,17,1,2
BRDA:211,18,0,2
BRDA:211,18,1,0
BRDA:214,19,0,1
BRDA:214,19,1,1
BRDA:220,20,0,1
BRDA:220,20,1,0
BRDA:244,21,0,0
BRDA:244,21,1,1
BRDA:248,22,0,1
BRDA:248,22,1,0
BRDA:251,23,0,0
BRDA:251,23,1,1
BRDA:272,24,0,0
BRDA:272,24,1,1
BRDA:276,25,0,1
BRDA:276,25,1,0
BRDA:289,26,0,5
BRDA:289,26,1,1
BRDA:302,27,0,1
BRDA:303,28,0,1
BRDA:303,28,1,1
BRDA:309,29,0,5
BRDA:309,29,1,1
BRDA:320,30,0,1
BRDA:321,31,0,2
BRDA:321,31,1,1
BRDA:325,32,0,10
BRDA:325,32,1,2
BRDA:341,33,0,0
BRDA:341,33,1,0
BRDA:341,34,0,0
BRDA:341,34,1,0
BRDA:355,35,0,0
BRDA:355,35,1,0
BRDA:359,36,0,0
BRDA:359,36,1,0
BRF:71
BRH:52
end_of_record
